[debug] [2020-12-31T14:32:52.727Z] ----------------------------------------------------------------------
[debug] [2020-12-31T14:32:52.731Z] Command:       /home/andy/.nvm/versions/node/v15.0.1/bin/node /home/andy/.nvm/versions/node/v15.0.1/bin/firebase deploy
[debug] [2020-12-31T14:32:52.731Z] CLI Version:   9.1.0
[debug] [2020-12-31T14:32:52.731Z] Platform:      linux
[debug] [2020-12-31T14:32:52.732Z] Node Version:  v15.0.1
[debug] [2020-12-31T14:32:52.732Z] Time:          Thu Dec 31 2020 08:32:52 GMT-0600 (Central Standard Time)
[debug] [2020-12-31T14:32:52.732Z] ----------------------------------------------------------------------
[debug] [2020-12-31T14:32:52.732Z] 
[debug] [2020-12-31T14:32:52.742Z] > command requires scopes: ["email","openid","https://www.googleapis.com/auth/cloudplatformprojects.readonly","https://www.googleapis.com/auth/firebase","https://www.googleapis.com/auth/cloud-platform"]
[debug] [2020-12-31T14:32:52.742Z] > authorizing via signed-in user
[debug] [2020-12-31T14:32:52.743Z] [iam] checking project thai-thani-restaurant-project for permissions ["firebase.projects.get","firebasehosting.sites.update"]
[debug] [2020-12-31T14:32:52.747Z] >>> HTTP REQUEST POST https://cloudresourcemanager.googleapis.com/v1/projects/thai-thani-restaurant-project:testIamPermissions  
 {"permissions":["firebase.projects.get","firebasehosting.sites.update"]}
[debug] [2020-12-31T14:32:53.010Z] <<< HTTP RESPONSE 200 {"content-type":"application/json; charset=UTF-8","vary":"X-Origin, Referer, Origin,Accept-Encoding","date":"Thu, 31 Dec 2020 14:32:51 GMT","server":"ESF","cache-control":"private","x-xss-protection":"0","x-frame-options":"SAMEORIGIN","x-content-type-options":"nosniff","server-timing":"gfet4t7; dur=43","alt-svc":"h3-29=\":443\"; ma=2592000,h3-T051=\":443\"; ma=2592000,h3-Q050=\":443\"; ma=2592000,h3-Q046=\":443\"; ma=2592000,h3-Q043=\":443\"; ma=2592000,quic=\":443\"; ma=2592000; v=\"46,43\"","accept-ranges":"none","transfer-encoding":"chunked"}
[debug] [2020-12-31T14:32:53.013Z] >>> HTTP REQUEST GET https://firebase.googleapis.com/v1beta1/projects/thai-thani-restaurant-project  
 
[debug] [2020-12-31T14:32:53.262Z] <<< HTTP RESPONSE 200 {"content-type":"application/json; charset=UTF-8","vary":"X-Origin, Referer, Origin,Accept-Encoding","date":"Thu, 31 Dec 2020 14:32:52 GMT","server":"ESF","cache-control":"private","x-xss-protection":"0","x-frame-options":"SAMEORIGIN","x-content-type-options":"nosniff","alt-svc":"h3-29=\":443\"; ma=2592000,h3-T051=\":443\"; ma=2592000,h3-Q050=\":443\"; ma=2592000,h3-Q046=\":443\"; ma=2592000,h3-Q043=\":443\"; ma=2592000,quic=\":443\"; ma=2592000; v=\"46,43\"","accept-ranges":"none","transfer-encoding":"chunked"}
[info] 
[info] === Deploying to 'thai-thani-restaurant-project'...
[info] 
[info] i  deploying hosting 
[debug] [2020-12-31T14:32:53.270Z] >>> HTTP REQUEST POST https://firebasehosting.googleapis.com/v1beta1/sites/thai-thani-restaurant-project/versions  
 {"config":{"rewrites":[{"glob":"**","path":"/index.html"}]},"labels":{"deployment-tool":"cli-firebase"}}
[debug] [2020-12-31T14:32:53.825Z] <<< HTTP RESPONSE 200 {"content-type":"application/json; charset=UTF-8","vary":"X-Origin, Referer, Origin,Accept-Encoding","date":"Thu, 31 Dec 2020 14:32:52 GMT","server":"ESF","cache-control":"private","x-xss-protection":"0","x-frame-options":"SAMEORIGIN","x-content-type-options":"nosniff","alt-svc":"h3-29=\":443\"; ma=2592000,h3-T051=\":443\"; ma=2592000,h3-Q050=\":443\"; ma=2592000,h3-Q046=\":443\"; ma=2592000,h3-Q043=\":443\"; ma=2592000,quic=\":443\"; ma=2592000; v=\"46,43\"","accept-ranges":"none","transfer-encoding":"chunked"}
[info] i  hosting[thai-thani-restaurant-project]: beginning deploy... 
[info] i  hosting[thai-thani-restaurant-project]: found 9 files in dist 
[debug] [2020-12-31T14:32:53.859Z] > refreshing access token with scopes: []
[debug] [2020-12-31T14:32:53.860Z] >>> HTTP REQUEST POST https://www.googleapis.com/oauth2/v3/token  
 <request body omitted>
[debug] [2020-12-31T14:32:53.867Z] [hosting] hash cache [ZGlzdA] stored for 9 files
[debug] [2020-12-31T14:32:53.868Z] [hosting][hash queue][FINAL] {"max":10,"min":1,"avg":3.888888888888889,"active":0,"complete":9,"success":9,"errored":0,"retried":0,"total":9,"elapsed":24}
[debug] [2020-12-31T14:32:54.016Z] <<< HTTP RESPONSE 200 {"date":"Thu, 31 Dec 2020 14:32:52 GMT","cache-control":"no-cache, no-store, max-age=0, must-revalidate","pragma":"no-cache","expires":"Mon, 01 Jan 1990 00:00:00 GMT","content-type":"application/json; charset=utf-8","vary":"X-Origin, Referer, Origin,Accept-Encoding","server":"scaffolding on HTTPServer2","x-xss-protection":"0","x-frame-options":"SAMEORIGIN","x-content-type-options":"nosniff","alt-svc":"h3-29=\":443\"; ma=2592000,h3-T051=\":443\"; ma=2592000,h3-Q050=\":443\"; ma=2592000,h3-Q046=\":443\"; ma=2592000,h3-Q043=\":443\"; ma=2592000,quic=\":443\"; ma=2592000; v=\"46,43\"","accept-ranges":"none","transfer-encoding":"chunked"}
[debug] [2020-12-31T14:32:54.032Z] >>> [apiv2][query] POST https://firebasehosting.googleapis.com/v1beta1/sites/thai-thani-restaurant-project/versions/15b32e3115c39fb3:populateFiles [none]
[debug] [2020-12-31T14:32:54.032Z] >>> [apiv2][body] POST https://firebasehosting.googleapis.com/v1beta1/sites/thai-thani-restaurant-project/versions/15b32e3115c39fb3:populateFiles {"files":{"/index.html":"0b289f510c8b3bd45060022ca3fd1f21a93ecb78065c68166be61ed5c04049c9","/reset.css":"30c73fbaeac8b32971f247de73f89f58f8c5605de1a973dfa7ff974aef2c316f","/pictures/index.html":"c64ed73c39890f0a12f275440ec5d7d1eafd2383337cd28c0803fca7a59ac1ec","/pictures/pho.jpg":"97c6f9aa31ed8211a7f2012b94625ebcae07b6d1942c135bc9e3d6fb2376ba07","/pictures/pho1.jpg":"6cd82b89afb9e289002338d6ca642c125424a3217c9f96e980c6741845c5ba1a","/pictures/pho2.jpg":"da338d189c9829f6e778a9c667746043e074d23bf6f399faaabf7d89cba8a4ab","/main.js":"824ecda3608b8a3e73f9b5cb52df004db3d2de2557b23c4fbcf01e8b93e5ccc4","/main.js.map":"045ba6259d1d0f2ae7db8f2287eda31fe9f25b76523abf57b0f1abea8089c503","/stylesheet.css":"8b13fa17fc41dc32e84052c3e23670b7101142bd4d3336a53840ddedb32309f9"}}
